<?xml version="1.0" encoding="UTF-8"?>
<!-- Generated by org.testng.reporters.JUnitReportReporter -->
<testsuite hostname="TYSS-Shobha" failures="0" tests="1" name="AdvanceScenarios.AutoSuggestion" time="12.909" errors="0" timestamp="2024-02-20T20:13:03 IST" skipped="0">
  <testcase classname="AdvanceScenarios.AutoSuggestion" name="autoSuggestion" time="12.909"/>
</testsuite> <!-- AdvanceScenarios.AutoSuggestion -->
