<?xml version="1.0" encoding="UTF-8"?>
<!-- Generated by org.testng.reporters.JUnitReportReporter -->
<testsuite hostname="TYSS-Shobha" failures="0" tests="5" name="FrameWork.TestNGEx" time="0.016" errors="0" timestamp="2024-02-19T20:41:49 IST" skipped="0">
  <testcase classname="FrameWork.TestNGEx" name="deleteContact" time="0.001"/>
  <testcase classname="FrameWork.TestNGEx" name="modifyContact" time="0.003"/>
  <testcase classname="FrameWork.TestNGEx" name="deleteContact" time="0.001"/>
  <testcase classname="FrameWork.TestNGEx" name="createContact" time="0.010"/>
  <testcase classname="FrameWork.TestNGEx" name="deleteContact" time="0.001"/>
</testsuite> <!-- FrameWork.TestNGEx -->
