<?xml version="1.0" encoding="UTF-8"?>
<!-- Generated by org.testng.reporters.JUnitReportReporter -->
<testsuite hostname="TYSS-Shobha" failures="0" tests="1" name="PopUp.AuthenticationPopup" time="6.867" errors="0" timestamp="2024-02-20T20:13:03 IST" skipped="0">
  <testcase classname="PopUp.AuthenticationPopup" name="AuthenticationPopup" time="6.867"/>
</testsuite> <!-- PopUp.AuthenticationPopup -->
