<?xml version="1.0" encoding="UTF-8"?>
<!-- Generated by org.testng.reporters.JUnitReportReporter -->
<testsuite hostname="TYSS-Shobha" failures="0" tests="1" name="FrameWork.TaskeScreenShotEx" time="4.883" errors="0" timestamp="2024-02-21T20:02:36 IST" skipped="0">
  <testcase classname="FrameWork.TaskeScreenShotEx" name="screenshot" time="4.883"/>
</testsuite> <!-- FrameWork.TaskeScreenShotEx -->
