<?xml version="1.0" encoding="UTF-8"?>
<!-- Generated by org.testng.reporters.JUnitReportReporter -->
<testsuite hostname="TYSS-Shobha" failures="0" tests="1" name="PopUp.AlertPopup" time="29.447" errors="0" timestamp="2024-02-20T19:42:23 IST" skipped="0">
  <testcase classname="PopUp.AlertPopup" name="AlertPopup" time="29.447"/>
</testsuite> <!-- PopUp.AlertPopup -->
